.next/types/validator.ts(252,31): error TS2344: Type 'typeof import("C:/Users/Aleksa/Desktop/ITEH projekti/Izrada/ITEH 14 2026/3. projekat/Rad/internet-tehnologije-2025-webappusluge_2022_0565/mvp-usluge/app/api/bookings/[id]/route")' does not satisfy the constraint 'RouteHandlerConfig<"/api/bookings/[id]">'.
  Types of property 'GET' are incompatible.
    Type '(req: NextRequest, { params }: { params: { id: string; }; }) => Promise<NextResponse<ApiResponse<unknown>>>' is not assignable to type '(request: NextRequest, context: { params: Promise<{ id: string; }>; }) => void | Response | Promise<void | Response>'.
      Types of parameters '__1' and 'context' are incompatible.
        Type '{ params: Promise<{ id: string; }>; }' is not assignable to type '{ params: { id: string; }; }'.
          Types of property 'params' are incompatible.
            Property 'id' is missing in type 'Promise<{ id: string; }>' but required in type '{ id: string; }'.
.next/types/validator.ts(279,31): error TS2344: Type 'typeof import("C:/Users/Aleksa/Desktop/ITEH projekti/Izrada/ITEH 14 2026/3. projekat/Rad/internet-tehnologije-2025-webappusluge_2022_0565/mvp-usluge/app/api/calendar/working-hours/[id]/route")' does not satisfy the constraint 'RouteHandlerConfig<"/api/calendar/working-hours/[id]">'.
  Types of property 'DELETE' are incompatible.
    Type '(req: NextRequest, { params }: { params: { id: string; }; }) => Promise<NextResponse<ApiResponse<unknown>>>' is not assignable to type '(request: NextRequest, context: { params: Promise<{ id: string; }>; }) => void | Response | Promise<void | Response>'.
      Types of parameters '__1' and 'context' are incompatible.
        Type '{ params: Promise<{ id: string; }>; }' is not assignable to type '{ params: { id: string; }; }'.
          Types of property 'params' are incompatible.
            Property 'id' is missing in type 'Promise<{ id: string; }>' but required in type '{ id: string; }'.
.next/types/validator.ts(297,31): error TS2344: Type 'typeof import("C:/Users/Aleksa/Desktop/ITEH projekti/Izrada/ITEH 14 2026/3. projekat/Rad/internet-tehnologije-2025-webappusluge_2022_0565/mvp-usluge/app/api/categories/[id]/route")' does not satisfy the constraint 'RouteHandlerConfig<"/api/categories/[id]">'.
  Types of property 'GET' are incompatible.
    Type '(req: NextRequest, { params }: { params: { id: string; }; }) => Promise<NextResponse<ApiResponse<unknown>>>' is not assignable to type '(request: NextRequest, context: { params: Promise<{ id: string; }>; }) => void | Response | Promise<void | Response>'.
      Types of parameters '__1' and 'context' are incompatible.
        Type '{ params: Promise<{ id: string; }>; }' is not assignable to type '{ params: { id: string; }; }'.
          Types of property 'params' are incompatible.
            Property 'id' is missing in type 'Promise<{ id: string; }>' but required in type '{ id: string; }'.
.next/types/validator.ts(351,31): error TS2344: Type 'typeof import("C:/Users/Aleksa/Desktop/ITEH projekti/Izrada/ITEH 14 2026/3. projekat/Rad/internet-tehnologije-2025-webappusluge_2022_0565/mvp-usluge/app/api/reviews/[id]/report/route")' does not satisfy the constraint 'RouteHandlerConfig<"/api/reviews/[id]/report">'.
  Types of property 'POST' are incompatible.
    Type '(req: NextRequest, { params }: { params: { id: string; }; }) => Promise<NextResponse<ApiResponse<unknown>>>' is not assignable to type '(request: NextRequest, context: { params: Promise<{ id: string; }>; }) => void | Response | Promise<void | Response>'.
      Types of parameters '__1' and 'context' are incompatible.
        Type '{ params: Promise<{ id: string; }>; }' is not assignable to type '{ params: { id: string; }; }'.
          Types of property 'params' are incompatible.
            Property 'id' is missing in type 'Promise<{ id: string; }>' but required in type '{ id: string; }'.
.next/types/validator.ts(360,31): error TS2344: Type 'typeof import("C:/Users/Aleksa/Desktop/ITEH projekti/Izrada/ITEH 14 2026/3. projekat/Rad/internet-tehnologije-2025-webappusluge_2022_0565/mvp-usluge/app/api/reviews/[id]/route")' does not satisfy the constraint 'RouteHandlerConfig<"/api/reviews/[id]">'.
  Types of property 'GET' are incompatible.
    Type '(req: NextRequest, { params }: { params: { id: string; }; }) => Promise<NextResponse<ApiResponse<unknown>>>' is not assignable to type '(request: NextRequest, context: { params: Promise<{ id: string; }>; }) => void | Response | Promise<void | Response>'.
      Types of parameters '__1' and 'context' are incompatible.
        Type '{ params: Promise<{ id: string; }>; }' is not assignable to type '{ params: { id: string; }; }'.
          Types of property 'params' are incompatible.
            Property 'id' is missing in type 'Promise<{ id: string; }>' but required in type '{ id: string; }'.
.next/types/validator.ts(378,31): error TS2344: Type 'typeof import("C:/Users/Aleksa/Desktop/ITEH projekti/Izrada/ITEH 14 2026/3. projekat/Rad/internet-tehnologije-2025-webappusluge_2022_0565/mvp-usluge/app/api/services/[id]/route")' does not satisfy the constraint 'RouteHandlerConfig<"/api/services/[id]">'.
  Types of property 'GET' are incompatible.
    Type '(req: NextRequest, { params }: { params: { id: string; }; }) => Promise<NextResponse<ApiResponse<unknown>>>' is not assignable to type '(request: NextRequest, context: { params: Promise<{ id: string; }>; }) => void | Response | Promise<void | Response>'.
      Types of parameters '__1' and 'context' are incompatible.
        Type '{ params: Promise<{ id: string; }>; }' is not assignable to type '{ params: { id: string; }; }'.
          Types of property 'params' are incompatible.
            Property 'id' is missing in type 'Promise<{ id: string; }>' but required in type '{ id: string; }'.
.next/types/validator.ts(396,31): error TS2344: Type 'typeof import("C:/Users/Aleksa/Desktop/ITEH projekti/Izrada/ITEH 14 2026/3. projekat/Rad/internet-tehnologije-2025-webappusluge_2022_0565/mvp-usluge/app/api/workers/[id]/route")' does not satisfy the constraint 'RouteHandlerConfig<"/api/workers/[id]">'.
  Types of property 'GET' are incompatible.
    Type '(req: NextRequest, { params }: { params: { id: string; }; }) => Promise<NextResponse<ApiResponse<unknown>>>' is not assignable to type '(request: NextRequest, context: { params: Promise<{ id: string; }>; }) => void | Response | Promise<void | Response>'.
      Types of parameters '__1' and 'context' are incompatible.
        Type '{ params: Promise<{ id: string; }>; }' is not assignable to type '{ params: { id: string; }; }'.
          Types of property 'params' are incompatible.
            Property 'id' is missing in type 'Promise<{ id: string; }>' but required in type '{ id: string; }'.
__tests__/api/auth/register.test.ts(7,1): error TS2304: Cannot find name 'jest'.
__tests__/api/auth/register.test.ts(10,25): error TS2304: Cannot find name 'jest'.
__tests__/api/auth/register.test.ts(11,21): error TS2304: Cannot find name 'jest'.
__tests__/api/auth/register.test.ts(16,1): error TS2304: Cannot find name 'jest'.
__tests__/api/auth/register.test.ts(17,11): error TS2304: Cannot find name 'jest'.
__tests__/api/auth/register.test.ts(20,1): error TS2304: Cannot find name 'jest'.
__tests__/api/auth/register.test.ts(21,23): error TS2304: Cannot find name 'jest'.
__tests__/api/auth/register.test.ts(24,1): error TS2304: Cannot find name 'jest'.
__tests__/api/auth/register.test.ts(25,21): error TS2304: Cannot find name 'jest'.
__tests__/api/auth/register.test.ts(30,1): error TS2304: Cannot find name 'jest'.
__tests__/api/auth/register.test.ts(31,19): error TS2304: Cannot find name 'jest'.
__tests__/api/auth/register.test.ts(31,28): error TS7006: Parameter 'input' implicitly has an 'any' type.
__tests__/api/auth/register.test.ts(32,19): error TS2304: Cannot find name 'jest'.
__tests__/api/auth/register.test.ts(32,28): error TS7006: Parameter 'input' implicitly has an 'any' type.
__tests__/api/auth/register.test.ts(33,19): error TS2304: Cannot find name 'jest'.
__tests__/api/auth/register.test.ts(34,20): error TS2304: Cannot find name 'jest'.
__tests__/api/auth/register.test.ts(35,18): error TS2304: Cannot find name 'jest'.
__tests__/api/auth/register.test.ts(36,27): error TS2304: Cannot find name 'jest'.
__tests__/api/auth/register.test.ts(37,19): error TS2304: Cannot find name 'jest'.
__tests__/api/auth/register.test.ts(37,28): error TS7006: Parameter 'input' implicitly has an 'any' type.
__tests__/api/auth/register.test.ts(47,1): error TS2582: Cannot find name 'describe'. Do you need to install type definitions for a test runner? Try `npm i --save-dev @types/jest` or `npm i --save-dev @types/mocha`.
__tests__/api/auth/register.test.ts(48,5): error TS2304: Cannot find name 'beforeEach'.
__tests__/api/auth/register.test.ts(49,9): error TS2304: Cannot find name 'jest'.
__tests__/api/auth/register.test.ts(52,5): error TS2582: Cannot find name 'it'. Do you need to install type definitions for a test runner? Try `npm i --save-dev @types/jest` or `npm i --save-dev @types/mocha`.
__tests__/api/auth/register.test.ts(54,28): error TS2503: Cannot find namespace 'jest'.
__tests__/api/auth/register.test.ts(57,36): error TS2503: Cannot find namespace 'jest'.
__tests__/api/auth/register.test.ts(60,18): error TS2503: Cannot find namespace 'jest'.
__tests__/api/auth/register.test.ts(72,32): error TS2503: Cannot find namespace 'jest'.
__tests__/api/auth/register.test.ts(75,30): error TS2503: Cannot find namespace 'jest'.
__tests__/api/auth/register.test.ts(90,28): error TS18048: 'response' is possibly 'undefined'.
__tests__/api/auth/register.test.ts(92,9): error TS2304: Cannot find name 'expect'.
__tests__/api/auth/register.test.ts(92,16): error TS18048: 'response' is possibly 'undefined'.
__tests__/api/auth/register.test.ts(93,9): error TS2304: Cannot find name 'expect'.
__tests__/api/auth/register.test.ts(94,9): error TS2304: Cannot find name 'expect'.
__tests__/api/auth/register.test.ts(95,9): error TS2304: Cannot find name 'expect'.
__tests__/api/auth/register.test.ts(98,5): error TS2582: Cannot find name 'it'. Do you need to install type definitions for a test runner? Try `npm i --save-dev @types/jest` or `npm i --save-dev @types/mocha`.
__tests__/api/auth/register.test.ts(100,28): error TS2503: Cannot find namespace 'jest'.
__tests__/api/auth/register.test.ts(103,36): error TS2503: Cannot find namespace 'jest'.
__tests__/api/auth/register.test.ts(119,28): error TS18048: 'response' is possibly 'undefined'.
__tests__/api/auth/register.test.ts(121,9): error TS2304: Cannot find name 'expect'.
__tests__/api/auth/register.test.ts(121,16): error TS18048: 'response' is possibly 'undefined'.
__tests__/api/auth/register.test.ts(122,9): error TS2304: Cannot find name 'expect'.
__tests__/api/auth/register.test.ts(123,9): error TS2304: Cannot find name 'expect'.
__tests__/api/auth/register.test.ts(126,5): error TS2582: Cannot find name 'it'. Do you need to install type definitions for a test runner? Try `npm i --save-dev @types/jest` or `npm i --save-dev @types/mocha`.
__tests__/api/auth/register.test.ts(128,28): error TS2503: Cannot find namespace 'jest'.
__tests__/api/auth/register.test.ts(141,28): error TS18048: 'response' is possibly 'undefined'.
__tests__/api/auth/register.test.ts(143,9): error TS2304: Cannot find name 'expect'.
__tests__/api/auth/register.test.ts(143,16): error TS18048: 'response' is possibly 'undefined'.
__tests__/api/auth/register.test.ts(144,9): error TS2304: Cannot find name 'expect'.
__tests__/api/auth/register.test.ts(145,9): error TS2304: Cannot find name 'expect'.
__tests__/api/auth/register.test.ts(148,5): error TS2582: Cannot find name 'it'. Do you need to install type definitions for a test runner? Try `npm i --save-dev @types/jest` or `npm i --save-dev @types/mocha`.
__tests__/api/auth/register.test.ts(154,28): error TS2503: Cannot find namespace 'jest'.
__tests__/api/auth/register.test.ts(171,9): error TS2304: Cannot find name 'expect'.
__tests__/api/auth/register.test.ts(171,16): error TS18048: 'response' is possibly 'undefined'.
__tests__/api/health.test.ts(4,1): error TS2304: Cannot find name 'jest'.
__tests__/api/health.test.ts(6,20): error TS2304: Cannot find name 'jest'.
__tests__/api/health.test.ts(12,1): error TS2582: Cannot find name 'describe'. Do you need to install type definitions for a test runner? Try `npm i --save-dev @types/jest` or `npm i --save-dev @types/mocha`.
__tests__/api/health.test.ts(13,5): error TS2304: Cannot find name 'beforeEach'.
__tests__/api/health.test.ts(14,9): error TS2304: Cannot find name 'jest'.
__tests__/api/health.test.ts(17,5): error TS2582: Cannot find name 'it'. Do you need to install type definitions for a test runner? Try `npm i --save-dev @types/jest` or `npm i --save-dev @types/mocha`.
__tests__/api/health.test.ts(19,30): error TS2503: Cannot find namespace 'jest'.
__tests__/api/health.test.ts(24,9): error TS2304: Cannot find name 'expect'.
__tests__/api/health.test.ts(25,9): error TS2304: Cannot find name 'expect'.
__tests__/api/health.test.ts(26,9): error TS2304: Cannot find name 'expect'.
__tests__/api/health.test.ts(27,9): error TS2304: Cannot find name 'expect'.
__tests__/api/health.test.ts(28,9): error TS2304: Cannot find name 'expect'.
__tests__/api/health.test.ts(31,5): error TS2582: Cannot find name 'it'. Do you need to install type definitions for a test runner? Try `npm i --save-dev @types/jest` or `npm i --save-dev @types/mocha`.
__tests__/api/health.test.ts(33,30): error TS2503: Cannot find namespace 'jest'.
__tests__/api/health.test.ts(38,9): error TS2304: Cannot find name 'expect'.
__tests__/api/health.test.ts(39,9): error TS2304: Cannot find name 'expect'.
__tests__/api/health.test.ts(40,9): error TS2304: Cannot find name 'expect'.
__tests__/api/health.test.ts(41,9): error TS2304: Cannot find name 'expect'.
__tests__/api/services.test.ts(7,1): error TS2304: Cannot find name 'jest'.
__tests__/api/services.test.ts(10,23): error TS2304: Cannot find name 'jest'.
__tests__/api/services.test.ts(11,20): error TS2304: Cannot find name 'jest'.
__tests__/api/services.test.ts(12,21): error TS2304: Cannot find name 'jest'.
__tests__/api/services.test.ts(15,25): error TS2304: Cannot find name 'jest'.
__tests__/api/services.test.ts(20,1): error TS2304: Cannot find name 'jest'.
__tests__/api/services.test.ts(21,21): error TS2304: Cannot find name 'jest'.
__tests__/api/services.test.ts(30,1): error TS2582: Cannot find name 'describe'. Do you need to install type definitions for a test runner? Try `npm i --save-dev @types/jest` or `npm i --save-dev @types/mocha`.
__tests__/api/services.test.ts(31,5): error TS2304: Cannot find name 'beforeEach'.
__tests__/api/services.test.ts(32,9): error TS2304: Cannot find name 'jest'.
__tests__/api/services.test.ts(35,5): error TS2582: Cannot find name 'describe'. Do you need to install type definitions for a test runner? Try `npm i --save-dev @types/jest` or `npm i --save-dev @types/mocha`.
__tests__/api/services.test.ts(36,9): error TS2582: Cannot find name 'it'. Do you need to install type definitions for a test runner? Try `npm i --save-dev @types/jest` or `npm i --save-dev @types/mocha`.
__tests__/api/services.test.ts(42,41): error TS2503: Cannot find namespace 'jest'.
__tests__/api/services.test.ts(43,38): error TS2503: Cannot find namespace 'jest'.
__tests__/api/services.test.ts(49,13): error TS2304: Cannot find name 'expect'.
__tests__/api/services.test.ts(50,13): error TS2304: Cannot find name 'expect'.
__tests__/api/services.test.ts(51,13): error TS2304: Cannot find name 'expect'.
__tests__/api/services.test.ts(52,13): error TS2304: Cannot find name 'expect'.
__tests__/api/services.test.ts(55,9): error TS2582: Cannot find name 'it'. Do you need to install type definitions for a test runner? Try `npm i --save-dev @types/jest` or `npm i --save-dev @types/mocha`.
__tests__/api/services.test.ts(56,41): error TS2503: Cannot find namespace 'jest'.
__tests__/api/services.test.ts(57,38): error TS2503: Cannot find namespace 'jest'.
__tests__/api/services.test.ts(62,13): error TS2304: Cannot find name 'expect'.
__tests__/api/services.test.ts(63,17): error TS2304: Cannot find name 'expect'.
__tests__/api/services.test.ts(64,28): error TS2304: Cannot find name 'expect'.
__tests__/api/services.test.ts(72,5): error TS2582: Cannot find name 'describe'. Do you need to install type definitions for a test runner? Try `npm i --save-dev @types/jest` or `npm i --save-dev @types/mocha`.
__tests__/api/services.test.ts(73,9): error TS2582: Cannot find name 'it'. Do you need to install type definitions for a test runner? Try `npm i --save-dev @types/jest` or `npm i --save-dev @types/mocha`.
__tests__/api/services.test.ts(75,32): error TS2503: Cannot find namespace 'jest'.
__tests__/api/services.test.ts(81,44): error TS2503: Cannot find namespace 'jest'.
__tests__/api/services.test.ts(86,38): error TS2503: Cannot find namespace 'jest'.
__tests__/api/services.test.ts(98,39): error TS2503: Cannot find namespace 'jest'.
__tests__/api/services.test.ts(114,13): error TS2304: Cannot find name 'expect'.
__tests__/api/services.test.ts(115,13): error TS2304: Cannot find name 'expect'.
__tests__/api/services.test.ts(116,13): error TS2304: Cannot find name 'expect'.
__tests__/api/services.test.ts(119,9): error TS2582: Cannot find name 'it'. Do you need to install type definitions for a test runner? Try `npm i --save-dev @types/jest` or `npm i --save-dev @types/mocha`.
__tests__/api/services.test.ts(120,32): error TS2503: Cannot find namespace 'jest'.
__tests__/api/services.test.ts(131,13): error TS2304: Cannot find name 'expect'.
__tests__/api/services.test.ts(134,9): error TS2582: Cannot find name 'it'. Do you need to install type definitions for a test runner? Try `npm i --save-dev @types/jest` or `npm i --save-dev @types/mocha`.
__tests__/api/services.test.ts(135,32): error TS2503: Cannot find namespace 'jest'.
__tests__/api/services.test.ts(149,13): error TS2304: Cannot find name 'expect'.
__tests__/components/Button.test.tsx(4,1): error TS2582: Cannot find name 'describe'. Do you need to install type definitions for a test runner? Try `npm i --save-dev @types/jest` or `npm i --save-dev @types/mocha`.
__tests__/components/Button.test.tsx(5,5): error TS2582: Cannot find name 'it'. Do you need to install type definitions for a test runner? Try `npm i --save-dev @types/jest` or `npm i --save-dev @types/mocha`.
__tests__/components/Button.test.tsx(7,9): error TS2304: Cannot find name 'expect'.
__tests__/components/Button.test.tsx(10,5): error TS2582: Cannot find name 'it'. Do you need to install type definitions for a test runner? Try `npm i --save-dev @types/jest` or `npm i --save-dev @types/mocha`.
__tests__/components/Button.test.tsx(11,29): error TS2304: Cannot find name 'jest'.
__tests__/components/Button.test.tsx(15,9): error TS2304: Cannot find name 'expect'.
__tests__/components/Button.test.tsx(18,5): error TS2582: Cannot find name 'it'. Do you need to install type definitions for a test runner? Try `npm i --save-dev @types/jest` or `npm i --save-dev @types/mocha`.
__tests__/components/Button.test.tsx(21,9): error TS2304: Cannot find name 'expect'.
__tests__/components/Button.test.tsx(24,5): error TS2582: Cannot find name 'it'. Do you need to install type definitions for a test runner? Try `npm i --save-dev @types/jest` or `npm i --save-dev @types/mocha`.
__tests__/components/Button.test.tsx(27,9): error TS2304: Cannot find name 'expect'.
__tests__/components/Button.test.tsx(30,5): error TS2582: Cannot find name 'it'. Do you need to install type definitions for a test runner? Try `npm i --save-dev @types/jest` or `npm i --save-dev @types/mocha`.
__tests__/components/Button.test.tsx(33,9): error TS2304: Cannot find name 'expect'.
__tests__/components/Button.test.tsx(36,5): error TS2582: Cannot find name 'it'. Do you need to install type definitions for a test runner? Try `npm i --save-dev @types/jest` or `npm i --save-dev @types/mocha`.
__tests__/components/Button.test.tsx(39,9): error TS2304: Cannot find name 'expect'.
__tests__/components/Button.test.tsx(42,5): error TS2582: Cannot find name 'it'. Do you need to install type definitions for a test runner? Try `npm i --save-dev @types/jest` or `npm i --save-dev @types/mocha`.
__tests__/components/Button.test.tsx(45,9): error TS2304: Cannot find name 'expect'.
__tests__/components/Button.test.tsx(48,5): error TS2582: Cannot find name 'it'. Do you need to install type definitions for a test runner? Try `npm i --save-dev @types/jest` or `npm i --save-dev @types/mocha`.
__tests__/components/Button.test.tsx(50,9): error TS2304: Cannot find name 'expect'.
__tests__/components/Button.test.tsx(52,9): error TS2304: Cannot find name 'expect'.
__tests__/components/Button.test.tsx(55,5): error TS2582: Cannot find name 'it'. Do you need to install type definitions for a test runner? Try `npm i --save-dev @types/jest` or `npm i --save-dev @types/mocha`.
__tests__/components/Button.test.tsx(58,9): error TS2304: Cannot find name 'expect'.
__tests__/components/Button.test.tsx(61,5): error TS2582: Cannot find name 'it'. Do you need to install type definitions for a test runner? Try `npm i --save-dev @types/jest` or `npm i --save-dev @types/mocha`.
__tests__/components/Button.test.tsx(64,9): error TS2304: Cannot find name 'expect'.
__tests__/components/Button.test.tsx(67,5): error TS2582: Cannot find name 'it'. Do you need to install type definitions for a test runner? Try `npm i --save-dev @types/jest` or `npm i --save-dev @types/mocha`.
__tests__/components/Button.test.tsx(70,9): error TS2304: Cannot find name 'expect'.
__tests__/components/Button.test.tsx(73,5): error TS2582: Cannot find name 'it'. Do you need to install type definitions for a test runner? Try `npm i --save-dev @types/jest` or `npm i --save-dev @types/mocha`.
__tests__/components/Button.test.tsx(74,29): error TS2304: Cannot find name 'jest'.
__tests__/components/Button.test.tsx(78,9): error TS2304: Cannot find name 'expect'.
__tests__/components/Button.test.tsx(81,5): error TS2582: Cannot find name 'it'. Do you need to install type definitions for a test runner? Try `npm i --save-dev @types/jest` or `npm i --save-dev @types/mocha`.
__tests__/components/Button.test.tsx(84,9): error TS2304: Cannot find name 'expect'.
__tests__/components/Card.test.tsx(4,1): error TS2582: Cannot find name 'describe'. Do you need to install type definitions for a test runner? Try `npm i --save-dev @types/jest` or `npm i --save-dev @types/mocha`.
__tests__/components/Card.test.tsx(5,5): error TS2582: Cannot find name 'it'. Do you need to install type definitions for a test runner? Try `npm i --save-dev @types/jest` or `npm i --save-dev @types/mocha`.
__tests__/components/Card.test.tsx(7,9): error TS2304: Cannot find name 'expect'.
__tests__/components/Card.test.tsx(10,5): error TS2582: Cannot find name 'it'. Do you need to install type definitions for a test runner? Try `npm i --save-dev @types/jest` or `npm i --save-dev @types/mocha`.
__tests__/components/Card.test.tsx(13,9): error TS2304: Cannot find name 'expect'.
__tests__/components/Card.test.tsx(16,5): error TS2582: Cannot find name 'it'. Do you need to install type definitions for a test runner? Try `npm i --save-dev @types/jest` or `npm i --save-dev @types/mocha`.
__tests__/components/Card.test.tsx(19,9): error TS2304: Cannot find name 'expect'.
__tests__/components/Card.test.tsx(22,5): error TS2582: Cannot find name 'it'. Do you need to install type definitions for a test runner? Try `npm i --save-dev @types/jest` or `npm i --save-dev @types/mocha`.
__tests__/components/Card.test.tsx(25,9): error TS2304: Cannot find name 'expect'.
__tests__/components/Card.test.tsx(28,5): error TS2582: Cannot find name 'it'. Do you need to install type definitions for a test runner? Try `npm i --save-dev @types/jest` or `npm i --save-dev @types/mocha`.
__tests__/components/Card.test.tsx(31,9): error TS2304: Cannot find name 'expect'.
__tests__/components/Card.test.tsx(34,5): error TS2582: Cannot find name 'it'. Do you need to install type definitions for a test runner? Try `npm i --save-dev @types/jest` or `npm i --save-dev @types/mocha`.
__tests__/components/Card.test.tsx(37,9): error TS2304: Cannot find name 'expect'.
__tests__/components/Card.test.tsx(40,5): error TS2582: Cannot find name 'it'. Do you need to install type definitions for a test runner? Try `npm i --save-dev @types/jest` or `npm i --save-dev @types/mocha`.
__tests__/components/Card.test.tsx(46,9): error TS2304: Cannot find name 'expect'.
__tests__/components/Card.test.tsx(49,5): error TS2582: Cannot find name 'it'. Do you need to install type definitions for a test runner? Try `npm i --save-dev @types/jest` or `npm i --save-dev @types/mocha`.
__tests__/components/Card.test.tsx(55,9): error TS2304: Cannot find name 'expect'.
__tests__/components/Card.test.tsx(58,5): error TS2582: Cannot find name 'it'. Do you need to install type definitions for a test runner? Try `npm i --save-dev @types/jest` or `npm i --save-dev @types/mocha`.
__tests__/components/Card.test.tsx(64,9): error TS2304: Cannot find name 'expect'.
__tests__/components/Card.test.tsx(67,5): error TS2582: Cannot find name 'it'. Do you need to install type definitions for a test runner? Try `npm i --save-dev @types/jest` or `npm i --save-dev @types/mocha`.
__tests__/components/Card.test.tsx(73,9): error TS2304: Cannot find name 'expect'.
__tests__/components/Card.test.tsx(76,5): error TS2582: Cannot find name 'it'. Do you need to install type definitions for a test runner? Try `npm i --save-dev @types/jest` or `npm i --save-dev @types/mocha`.
__tests__/components/Card.test.tsx(82,9): error TS2304: Cannot find name 'expect'.
__tests__/components/Card.test.tsx(85,5): error TS2582: Cannot find name 'it'. Do you need to install type definitions for a test runner? Try `npm i --save-dev @types/jest` or `npm i --save-dev @types/mocha`.
__tests__/components/Card.test.tsx(97,9): error TS2304: Cannot find name 'expect'.
__tests__/components/Card.test.tsx(98,9): error TS2304: Cannot find name 'expect'.
__tests__/components/Card.test.tsx(99,9): error TS2304: Cannot find name 'expect'.
__tests__/components/Card.test.tsx(100,9): error TS2304: Cannot find name 'expect'.
__tests__/components/Input.test.tsx(4,1): error TS2582: Cannot find name 'describe'. Do you need to install type definitions for a test runner? Try `npm i --save-dev @types/jest` or `npm i --save-dev @types/mocha`.
__tests__/components/Input.test.tsx(5,5): error TS2582: Cannot find name 'it'. Do you need to install type definitions for a test runner? Try `npm i --save-dev @types/jest` or `npm i --save-dev @types/mocha`.
__tests__/components/Input.test.tsx(7,9): error TS2304: Cannot find name 'expect'.
__tests__/components/Input.test.tsx(10,5): error TS2582: Cannot find name 'it'. Do you need to install type definitions for a test runner? Try `npm i --save-dev @types/jest` or `npm i --save-dev @types/mocha`.
__tests__/components/Input.test.tsx(12,9): error TS2304: Cannot find name 'expect'.
__tests__/components/Input.test.tsx(15,5): error TS2582: Cannot find name 'it'. Do you need to install type definitions for a test runner? Try `npm i --save-dev @types/jest` or `npm i --save-dev @types/mocha`.
__tests__/components/Input.test.tsx(16,30): error TS2304: Cannot find name 'jest'.
__tests__/components/Input.test.tsx(22,9): error TS2304: Cannot find name 'expect'.
__tests__/components/Input.test.tsx(25,5): error TS2582: Cannot find name 'it'. Do you need to install type definitions for a test runner? Try `npm i --save-dev @types/jest` or `npm i --save-dev @types/mocha`.
__tests__/components/Input.test.tsx(27,9): error TS2304: Cannot find name 'expect'.
__tests__/components/Input.test.tsx(30,5): error TS2582: Cannot find name 'it'. Do you need to install type definitions for a test runner? Try `npm i --save-dev @types/jest` or `npm i --save-dev @types/mocha`.
__tests__/components/Input.test.tsx(32,9): error TS2304: Cannot find name 'expect'.
__tests__/components/Input.test.tsx(35,5): error TS2582: Cannot find name 'it'. Do you need to install type definitions for a test runner? Try `npm i --save-dev @types/jest` or `npm i --save-dev @types/mocha`.
__tests__/components/Input.test.tsx(37,9): error TS2304: Cannot find name 'expect'.
__tests__/components/Input.test.tsx(40,5): error TS2582: Cannot find name 'it'. Do you need to install type definitions for a test runner? Try `npm i --save-dev @types/jest` or `npm i --save-dev @types/mocha`.
__tests__/components/Input.test.tsx(43,9): error TS2304: Cannot find name 'expect'.
__tests__/components/Input.test.tsx(46,5): error TS2582: Cannot find name 'it'. Do you need to install type definitions for a test runner? Try `npm i --save-dev @types/jest` or `npm i --save-dev @types/mocha`.
__tests__/components/Input.test.tsx(49,9): error TS2304: Cannot find name 'expect'.
__tests__/components/Input.test.tsx(52,5): error TS2582: Cannot find name 'it'. Do you need to install type definitions for a test runner? Try `npm i --save-dev @types/jest` or `npm i --save-dev @types/mocha`.
__tests__/components/Input.test.tsx(55,9): error TS2304: Cannot find name 'expect'.
__tests__/components/Input.test.tsx(58,5): error TS2582: Cannot find name 'it'. Do you need to install type definitions for a test runner? Try `npm i --save-dev @types/jest` or `npm i --save-dev @types/mocha`.
__tests__/components/Input.test.tsx(61,9): error TS2304: Cannot find name 'expect'.
__tests__/components/Input.test.tsx(64,5): error TS2582: Cannot find name 'it'. Do you need to install type definitions for a test runner? Try `npm i --save-dev @types/jest` or `npm i --save-dev @types/mocha`.
__tests__/components/Input.test.tsx(67,9): error TS2304: Cannot find name 'expect'.
__tests__/components/Input.test.tsx(70,5): error TS2582: Cannot find name 'it'. Do you need to install type definitions for a test runner? Try `npm i --save-dev @types/jest` or `npm i --save-dev @types/mocha`.
__tests__/components/Input.test.tsx(72,9): error TS2304: Cannot find name 'expect'.
__tests__/components/Input.test.tsx(76,9): error TS2304: Cannot find name 'expect'.
__tests__/lib/sanitize.test.ts(6,1): error TS2582: Cannot find name 'describe'. Do you need to install type definitions for a test runner? Try `npm i --save-dev @types/jest` or `npm i --save-dev @types/mocha`.
__tests__/lib/sanitize.test.ts(59,5): error TS2582: Cannot find name 'describe'. Do you need to install type definitions for a test runner? Try `npm i --save-dev @types/jest` or `npm i --save-dev @types/mocha`.
__tests__/lib/sanitize.test.ts(60,9): error TS2582: Cannot find name 'it'. Do you need to install type definitions for a test runner? Try `npm i --save-dev @types/jest` or `npm i --save-dev @types/mocha`.
__tests__/lib/sanitize.test.ts(63,13): error TS2304: Cannot find name 'expect'.
__tests__/lib/sanitize.test.ts(64,13): error TS2304: Cannot find name 'expect'.
__tests__/lib/sanitize.test.ts(67,9): error TS2582: Cannot find name 'it'. Do you need to install type definitions for a test runner? Try `npm i --save-dev @types/jest` or `npm i --save-dev @types/mocha`.
__tests__/lib/sanitize.test.ts(70,13): error TS2304: Cannot find name 'expect'.
__tests__/lib/sanitize.test.ts(71,13): error TS2304: Cannot find name 'expect'.
__tests__/lib/sanitize.test.ts(74,9): error TS2582: Cannot find name 'it'. Do you need to install type definitions for a test runner? Try `npm i --save-dev @types/jest` or `npm i --save-dev @types/mocha`.
__tests__/lib/sanitize.test.ts(77,13): error TS2304: Cannot find name 'expect'.
__tests__/lib/sanitize.test.ts(80,9): error TS2582: Cannot find name 'it'. Do you need to install type definitions for a test runner? Try `npm i --save-dev @types/jest` or `npm i --save-dev @types/mocha`.
__tests__/lib/sanitize.test.ts(81,13): error TS2304: Cannot find name 'expect'.
__tests__/lib/sanitize.test.ts(85,5): error TS2582: Cannot find name 'describe'. Do you need to install type definitions for a test runner? Try `npm i --save-dev @types/jest` or `npm i --save-dev @types/mocha`.
__tests__/lib/sanitize.test.ts(86,9): error TS2582: Cannot find name 'it'. Do you need to install type definitions for a test runner? Try `npm i --save-dev @types/jest` or `npm i --save-dev @types/mocha`.
__tests__/lib/sanitize.test.ts(89,13): error TS2304: Cannot find name 'expect'.
__tests__/lib/sanitize.test.ts(92,9): error TS2582: Cannot find name 'it'. Do you need to install type definitions for a test runner? Try `npm i --save-dev @types/jest` or `npm i --save-dev @types/mocha`.
__tests__/lib/sanitize.test.ts(95,13): error TS2304: Cannot find name 'expect'.
__tests__/lib/sanitize.test.ts(99,5): error TS2582: Cannot find name 'describe'. Do you need to install type definitions for a test runner? Try `npm i --save-dev @types/jest` or `npm i --save-dev @types/mocha`.
__tests__/lib/sanitize.test.ts(100,9): error TS2582: Cannot find name 'it'. Do you need to install type definitions for a test runner? Try `npm i --save-dev @types/jest` or `npm i --save-dev @types/mocha`.
__tests__/lib/sanitize.test.ts(101,13): error TS2304: Cannot find name 'expect'.
__tests__/lib/sanitize.test.ts(102,13): error TS2304: Cannot find name 'expect'.
__tests__/lib/sanitize.test.ts(105,9): error TS2582: Cannot find name 'it'. Do you need to install type definitions for a test runner? Try `npm i --save-dev @types/jest` or `npm i --save-dev @types/mocha`.
__tests__/lib/sanitize.test.ts(106,13): error TS2304: Cannot find name 'expect'.
__tests__/lib/sanitize.test.ts(107,13): error TS2304: Cannot find name 'expect'.
__tests__/lib/sanitize.test.ts(108,13): error TS2304: Cannot find name 'expect'.
__tests__/lib/sanitize.test.ts(112,5): error TS2582: Cannot find name 'describe'. Do you need to install type definitions for a test runner? Try `npm i --save-dev @types/jest` or `npm i --save-dev @types/mocha`.
__tests__/lib/sanitize.test.ts(113,9): error TS2582: Cannot find name 'it'. Do you need to install type definitions for a test runner? Try `npm i --save-dev @types/jest` or `npm i --save-dev @types/mocha`.
__tests__/lib/sanitize.test.ts(114,13): error TS2304: Cannot find name 'expect'.
__tests__/lib/sanitize.test.ts(115,13): error TS2304: Cannot find name 'expect'.
__tests__/lib/sanitize.test.ts(118,9): error TS2582: Cannot find name 'it'. Do you need to install type definitions for a test runner? Try `npm i --save-dev @types/jest` or `npm i --save-dev @types/mocha`.
__tests__/lib/sanitize.test.ts(119,13): error TS2304: Cannot find name 'expect'.
__tests__/lib/sanitize.test.ts(120,13): error TS2304: Cannot find name 'expect'.
__tests__/lib/sanitize.test.ts(121,13): error TS2304: Cannot find name 'expect'.
__tests__/lib/sanitize.test.ts(125,5): error TS2582: Cannot find name 'describe'. Do you need to install type definitions for a test runner? Try `npm i --save-dev @types/jest` or `npm i --save-dev @types/mocha`.
__tests__/lib/sanitize.test.ts(126,9): error TS2582: Cannot find name 'it'. Do you need to install type definitions for a test runner? Try `npm i --save-dev @types/jest` or `npm i --save-dev @types/mocha`.
__tests__/lib/sanitize.test.ts(127,13): error TS2304: Cannot find name 'expect'.
__tests__/lib/sanitize.test.ts(128,13): error TS2304: Cannot find name 'expect'.
__tests__/lib/sanitize.test.ts(131,9): error TS2582: Cannot find name 'it'. Do you need to install type definitions for a test runner? Try `npm i --save-dev @types/jest` or `npm i --save-dev @types/mocha`.
__tests__/lib/sanitize.test.ts(132,13): error TS2304: Cannot find name 'expect'.
__tests__/lib/sanitize.test.ts(133,13): error TS2304: Cannot find name 'expect'.
__tests__/lib/sanitize.test.ts(137,5): error TS2582: Cannot find name 'describe'. Do you need to install type definitions for a test runner? Try `npm i --save-dev @types/jest` or `npm i --save-dev @types/mocha`.
__tests__/lib/sanitize.test.ts(138,9): error TS2582: Cannot find name 'it'. Do you need to install type definitions for a test runner? Try `npm i --save-dev @types/jest` or `npm i --save-dev @types/mocha`.
__tests__/lib/sanitize.test.ts(139,13): error TS2304: Cannot find name 'expect'.
__tests__/lib/sanitize.test.ts(140,13): error TS2304: Cannot find name 'expect'.
__tests__/lib/sanitize.test.ts(141,13): error TS2304: Cannot find name 'expect'.
__tests__/lib/sanitize.test.ts(142,13): error TS2304: Cannot find name 'expect'.
__tests__/lib/sanitize.test.ts(145,9): error TS2582: Cannot find name 'it'. Do you need to install type definitions for a test runner? Try `npm i --save-dev @types/jest` or `npm i --save-dev @types/mocha`.
__tests__/lib/sanitize.test.ts(146,13): error TS2304: Cannot find name 'expect'.
__tests__/lib/sanitize.test.ts(147,13): error TS2304: Cannot find name 'expect'.
__tests__/lib/sanitize.test.ts(151,5): error TS2582: Cannot find name 'describe'. Do you need to install type definitions for a test runner? Try `npm i --save-dev @types/jest` or `npm i --save-dev @types/mocha`.
__tests__/lib/sanitize.test.ts(152,9): error TS2582: Cannot find name 'it'. Do you need to install type definitions for a test runner? Try `npm i --save-dev @types/jest` or `npm i --save-dev @types/mocha`.
__tests__/lib/sanitize.test.ts(153,13): error TS2304: Cannot find name 'expect'.
__tests__/lib/sanitize.test.ts(154,13): error TS2304: Cannot find name 'expect'.
__tests__/lib/sanitize.test.ts(157,9): error TS2582: Cannot find name 'it'. Do you need to install type definitions for a test runner? Try `npm i --save-dev @types/jest` or `npm i --save-dev @types/mocha`.
__tests__/lib/sanitize.test.ts(158,13): error TS2304: Cannot find name 'expect'.
__tests__/lib/utils.test.ts(4,1): error TS2582: Cannot find name 'describe'. Do you need to install type definitions for a test runner? Try `npm i --save-dev @types/jest` or `npm i --save-dev @types/mocha`.
__tests__/lib/utils.test.ts(5,5): error TS2582: Cannot find name 'describe'. Do you need to install type definitions for a test runner? Try `npm i --save-dev @types/jest` or `npm i --save-dev @types/mocha`.
__tests__/lib/utils.test.ts(6,9): error TS2582: Cannot find name 'it'. Do you need to install type definitions for a test runner? Try `npm i --save-dev @types/jest` or `npm i --save-dev @types/mocha`.
__tests__/lib/utils.test.ts(7,13): error TS2304: Cannot find name 'expect'.
__tests__/lib/utils.test.ts(8,13): error TS2304: Cannot find name 'expect'.
__tests__/lib/utils.test.ts(9,13): error TS2304: Cannot find name 'expect'.
__tests__/lib/utils.test.ts(12,9): error TS2582: Cannot find name 'it'. Do you need to install type definitions for a test runner? Try `npm i --save-dev @types/jest` or `npm i --save-dev @types/mocha`.
__tests__/lib/utils.test.ts(13,13): error TS2304: Cannot find name 'expect'.
__tests__/lib/utils.test.ts(16,9): error TS2582: Cannot find name 'it'. Do you need to install type definitions for a test runner? Try `npm i --save-dev @types/jest` or `npm i --save-dev @types/mocha`.
__tests__/lib/utils.test.ts(17,13): error TS2304: Cannot find name 'expect'.
__tests__/lib/utils.test.ts(21,5): error TS2582: Cannot find name 'describe'. Do you need to install type definitions for a test runner? Try `npm i --save-dev @types/jest` or `npm i --save-dev @types/mocha`.
__tests__/lib/utils.test.ts(22,9): error TS2582: Cannot find name 'it'. Do you need to install type definitions for a test runner? Try `npm i --save-dev @types/jest` or `npm i --save-dev @types/mocha`.
__tests__/lib/utils.test.ts(23,13): error TS2304: Cannot find name 'expect'.
__tests__/lib/utils.test.ts(26,9): error TS2582: Cannot find name 'it'. Do you need to install type definitions for a test runner? Try `npm i --save-dev @types/jest` or `npm i --save-dev @types/mocha`.
__tests__/lib/utils.test.ts(27,13): error TS2304: Cannot find name 'expect'.
__tests__/lib/utils.test.ts(30,9): error TS2582: Cannot find name 'it'. Do you need to install type definitions for a test runner? Try `npm i --save-dev @types/jest` or `npm i --save-dev @types/mocha`.
__tests__/lib/utils.test.ts(31,13): error TS2304: Cannot find name 'expect'.
__tests__/lib/utils.test.ts(36,1): error TS2582: Cannot find name 'describe'. Do you need to install type definitions for a test runner? Try `npm i --save-dev @types/jest` or `npm i --save-dev @types/mocha`.
__tests__/lib/utils.test.ts(37,5): error TS2582: Cannot find name 'describe'. Do you need to install type definitions for a test runner? Try `npm i --save-dev @types/jest` or `npm i --save-dev @types/mocha`.
__tests__/lib/utils.test.ts(38,9): error TS2582: Cannot find name 'it'. Do you need to install type definitions for a test runner? Try `npm i --save-dev @types/jest` or `npm i --save-dev @types/mocha`.
__tests__/lib/utils.test.ts(41,13): error TS2304: Cannot find name 'expect'.
__tests__/lib/utils.test.ts(42,13): error TS2304: Cannot find name 'expect'.
__tests__/lib/utils.test.ts(45,9): error TS2582: Cannot find name 'it'. Do you need to install type definitions for a test runner? Try `npm i --save-dev @types/jest` or `npm i --save-dev @types/mocha`.
__tests__/lib/utils.test.ts(47,13): error TS2304: Cannot find name 'expect'.
__tests__/lib/utils.test.ts(50,9): error TS2582: Cannot find name 'it'. Do you need to install type definitions for a test runner? Try `npm i --save-dev @types/jest` or `npm i --save-dev @types/mocha`.
__tests__/lib/utils.test.ts(52,13): error TS2304: Cannot find name 'expect'.
__tests__/lib/utils.test.ts(56,5): error TS2582: Cannot find name 'describe'. Do you need to install type definitions for a test runner? Try `npm i --save-dev @types/jest` or `npm i --save-dev @types/mocha`.
__tests__/lib/utils.test.ts(57,9): error TS2582: Cannot find name 'it'. Do you need to install type definitions for a test runner? Try `npm i --save-dev @types/jest` or `npm i --save-dev @types/mocha`.
__tests__/lib/utils.test.ts(58,13): error TS2304: Cannot find name 'expect'.
__tests__/lib/utils.test.ts(59,13): error TS2304: Cannot find name 'expect'.
__tests__/lib/utils.test.ts(62,9): error TS2582: Cannot find name 'it'. Do you need to install type definitions for a test runner? Try `npm i --save-dev @types/jest` or `npm i --save-dev @types/mocha`.
__tests__/lib/utils.test.ts(63,13): error TS2304: Cannot find name 'expect'.
__tests__/lib/utils.test.ts(64,13): error TS2304: Cannot find name 'expect'.
__tests__/lib/utils.test.ts(67,9): error TS2582: Cannot find name 'it'. Do you need to install type definitions for a test runner? Try `npm i --save-dev @types/jest` or `npm i --save-dev @types/mocha`.
__tests__/lib/utils.test.ts(68,13): error TS2304: Cannot find name 'expect'.
__tests__/lib/validations/auth.test.ts(4,1): error TS2582: Cannot find name 'describe'. Do you need to install type definitions for a test runner? Try `npm i --save-dev @types/jest` or `npm i --save-dev @types/mocha`.
__tests__/lib/validations/auth.test.ts(5,5): error TS2582: Cannot find name 'describe'. Do you need to install type definitions for a test runner? Try `npm i --save-dev @types/jest` or `npm i --save-dev @types/mocha`.
__tests__/lib/validations/auth.test.ts(6,9): error TS2582: Cannot find name 'it'. Do you need to install type definitions for a test runner? Try `npm i --save-dev @types/jest` or `npm i --save-dev @types/mocha`.
__tests__/lib/validations/auth.test.ts(16,13): error TS2304: Cannot find name 'expect'.
__tests__/lib/validations/auth.test.ts(19,9): error TS2582: Cannot find name 'it'. Do you need to install type definitions for a test runner? Try `npm i --save-dev @types/jest` or `npm i --save-dev @types/mocha`.
__tests__/lib/validations/auth.test.ts(28,13): error TS2304: Cannot find name 'expect'.
__tests__/lib/validations/auth.test.ts(30,17): error TS2304: Cannot find name 'expect'.
__tests__/lib/validations/auth.test.ts(34,9): error TS2582: Cannot find name 'it'. Do you need to install type definitions for a test runner? Try `npm i --save-dev @types/jest` or `npm i --save-dev @types/mocha`.
__tests__/lib/validations/auth.test.ts(43,13): error TS2304: Cannot find name 'expect'.
__tests__/lib/validations/auth.test.ts(45,17): error TS2304: Cannot find name 'expect'.
__tests__/lib/validations/auth.test.ts(49,9): error TS2582: Cannot find name 'it'. Do you need to install type definitions for a test runner? Try `npm i --save-dev @types/jest` or `npm i --save-dev @types/mocha`.
__tests__/lib/validations/auth.test.ts(58,13): error TS2304: Cannot find name 'expect'.
__tests__/lib/validations/auth.test.ts(61,9): error TS2582: Cannot find name 'it'. Do you need to install type definitions for a test runner? Try `npm i --save-dev @types/jest` or `npm i --save-dev @types/mocha`.
__tests__/lib/validations/auth.test.ts(71,13): error TS2304: Cannot find name 'expect'.
__tests__/lib/validations/auth.test.ts(74,9): error TS2582: Cannot find name 'it'. Do you need to install type definitions for a test runner? Try `npm i --save-dev @types/jest` or `npm i --save-dev @types/mocha`.
__tests__/lib/validations/auth.test.ts(84,13): error TS2304: Cannot find name 'expect'.
__tests__/lib/validations/auth.test.ts(88,5): error TS2582: Cannot find name 'describe'. Do you need to install type definitions for a test runner? Try `npm i --save-dev @types/jest` or `npm i --save-dev @types/mocha`.
__tests__/lib/validations/auth.test.ts(89,9): error TS2582: Cannot find name 'it'. Do you need to install type definitions for a test runner? Try `npm i --save-dev @types/jest` or `npm i --save-dev @types/mocha`.
__tests__/lib/validations/auth.test.ts(96,13): error TS2304: Cannot find name 'expect'.
__tests__/lib/validations/auth.test.ts(99,9): error TS2582: Cannot find name 'it'. Do you need to install type definitions for a test runner? Try `npm i --save-dev @types/jest` or `npm i --save-dev @types/mocha`.
__tests__/lib/validations/auth.test.ts(106,13): error TS2304: Cannot find name 'expect'.
__tests__/lib/validations/auth.test.ts(109,9): error TS2582: Cannot find name 'it'. Do you need to install type definitions for a test runner? Try `npm i --save-dev @types/jest` or `npm i --save-dev @types/mocha`.
__tests__/lib/validations/auth.test.ts(115,13): error TS2304: Cannot find name 'expect'.
